<?xml version="1.0" encoding="UTF-8"?>
<testsuite xmlns:xsi="http://www.w3.org/2001/XMLSchema-instance" xsi:noNamespaceSchemaLocation="https://maven.apache.org/surefire/maven-surefire-plugin/xsd/surefire-test-report-3.0.xsd" version="3.0" name="com.eventapp.eventservice.test.controller.EventControllerTest" time="7.167" tests="1" errors="0" skipped="0" failures="0">
  <properties>
[...]
</properties>
  <testcase name="givenGetAllUsersThenShouldReturnListOfAllUsers" classname="com.eventapp.eventservice.test.controller.EventControllerTest" time="7.081">
    <system-out><![CDATA[18:55:01,476 |-INFO in ch.qos.logback.core.model.processor.TimestampModelHandler - Using context birth as time reference.
18:55:01,501 |-INFO in ch.qos.logback.core.model.processor.TimestampModelHandler - Adding property to the context with key="bySecond" and value="20231229T185500" to the LOCAL scope
18:55:01,506 |-INFO in ch.qos.logback.core.model.processor.AppenderModelHandler - Processing appender named [STDOUT]
18:55:01,506 |-INFO in ch.qos.logback.core.model.processor.AppenderModelHandler - About to instantiate appender of type [ch.qos.logback.core.ConsoleAppender]
18:55:01,597 |-WARN in ch.qos.logback.core.ConsoleAppender[STDOUT] - This appender no longer admits a layout as a sub-component, set an encoder instead.
18:55:01,598 |-WARN in ch.qos.logback.core.ConsoleAppender[STDOUT] - To ensure compatibility, wrapping your layout in LayoutWrappingEncoder.
18:55:01,598 |-WARN in ch.qos.logback.core.ConsoleAppender[STDOUT] - See also http://logback.qos.ch/codes.html#layoutInsteadOfEncoder for details
18:55:01,599 |-INFO in ch.qos.logback.core.model.processor.AppenderModelHandler - Processing appender named [FILE-AUDIT]
18:55:01,599 |-INFO in ch.qos.logback.core.model.processor.AppenderModelHandler - About to instantiate appender of type [ch.qos.logback.core.FileAppender]
18:55:01,607 |-INFO in ch.qos.logback.core.FileAppender[FILE-AUDIT] - File property is set to [eventlogs/event_20231229T185500.log]
18:55:01,614 |-INFO in ch.qos.logback.classic.model.processor.LoggerModelHandler - Setting level of logger [com.eventapp] to INFO
18:55:01,622 |-INFO in ch.qos.logback.classic.model.processor.LoggerModelHandler - Setting additivity of logger [com.eventapp] to false
18:55:01,624 |-INFO in ch.qos.logback.core.model.processor.AppenderRefModelHandler - Attaching appender named [FILE-AUDIT] to Logger[com.eventapp]
18:55:01,626 |-INFO in ch.qos.logback.core.model.processor.AppenderRefModelHandler - Attaching appender named [STDOUT] to Logger[com.eventapp]
18:55:01,627 |-INFO in ch.qos.logback.classic.model.processor.RootLoggerModelHandler - Setting level of ROOT logger to INFO
18:55:01,628 |-INFO in ch.qos.logback.core.model.processor.AppenderRefModelHandler - Attaching appender named [FILE-AUDIT] to Logger[ROOT]
18:55:01,628 |-INFO in ch.qos.logback.core.model.processor.AppenderRefModelHandler - Attaching appender named [STDOUT] to Logger[ROOT]
18:55:01,628 |-INFO in ch.qos.logback.core.model.processor.DefaultProcessor@5a67e962 - End of configuration.
18:55:01,633 |-INFO in ch.qos.logback.classic.joran.JoranConfigurator@64bfd6fd - Registering current configuration as safe fallback point
18:55:01,633 |-INFO in ch.qos.logback.classic.util.ContextInitializer@2ab2710 - ch.qos.logback.classic.util.DefaultJoranConfigurator.configure() call lasted 585 milliseconds. ExecutionStatus=DO_NOT_INVOKE_NEXT_IF_ANY
2023-12-29 18:55:03 [main] INFO  o.s.mock.web.MockServletContext -
                Initializing Spring TestDispatcherServlet ''
2023-12-29 18:55:03 [main] INFO  o.s.t.w.s.TestDispatcherServlet -
                Initializing Servlet ''
2023-12-29 18:55:03 [main] INFO  o.s.t.w.s.TestDispatcherServlet -
                Completed initialization in 11 ms
2023-12-29 18:55:04 [main] INFO  c.e.e.controller.EventController -
                Retrieved list of events from third party api successfully

MockHttpServletRequest:
      HTTP Method = GET
      Request URI = /api/v1/events
       Parameters = {}
          Headers = [Content-Type:"application/json", Content-Length:"227"]
             Body = <no character encoding set>
    Session Attrs = {}

Handler:
             Type = com.eventapp.eventservice.controller.EventController
           Method = com.eventapp.eventservice.controller.EventController#getAllEvents()

Async:
    Async started = false
     Async result = null

Resolved Exception:
             Type = null

ModelAndView:
        View name = null
             View = null
            Model = null

FlashMap:
       Attributes = null

MockHttpServletResponse:
           Status = 200
    Error message = null
          Headers = [Vary:"Origin", "Access-Control-Request-Method", "Access-Control-Request-Headers", Content-Type:"application/json"]
     Content type = application/json
             Body = {"events":[{"id":5851039,"title":"Eiffel Tower Experience - Las Vegas","type":"family","venue":{"id":1610,"name":"Las Vegas","state":"NV"},"performers":[{"id":605657,"type":"theater_family","name":"Eiffel Tower Experience"}]}]}
    Forwarded URL = null
   Redirected URL = null
          Cookies = []
]]></system-out>
  </testcase>
</testsuite>